<?xml version="1.0" encoding="UTF-8"?>
<testsuite xmlns:xsi="http://www.w3.org/2001/XMLSchema-instance" xsi:noNamespaceSchemaLocation="https://maven.apache.org/surefire/maven-surefire-plugin/xsd/surefire-test-report.xsd" name="com.redhat.AppTest" time="0.033" tests="1" errors="0" skipped="0" failures="0">
  <properties>
    <property name="sun.desktop" value="gnome"/>
    <property name="awt.toolkit" value="sun.awt.X11.XToolkit"/>
    <property name="java.specification.version" value="11"/>
    <property name="sun.cpu.isalist" value=""/>
    <property name="sun.jnu.encoding" value="UTF-8"/>
    <property name="java.class.path" value="/home/anarvaez/Downloads/case-companhia-03709526/reproducer/client/SEND/kafka-checker/target/test-classes:/home/anarvaez/Downloads/case-companhia-03709526/reproducer/client/SEND/kafka-checker/target/classes:/home/anarvaez/.m2/repository/org/apache/kafka/kafka-clients/3.6.0.redhat-00005/kafka-clients-3.6.0.redhat-00005.jar:/home/anarvaez/.m2/repository/com/github/luben/zstd-jni/1.5.5.1-redhat-00002/zstd-jni-1.5.5.1-redhat-00002.jar:/home/anarvaez/.m2/repository/org/lz4/lz4-java/1.8.0.redhat-00005/lz4-java-1.8.0.redhat-00005.jar:/home/anarvaez/.m2/repository/org/xerial/snappy/snappy-java/1.1.10.5-redhat-00001/snappy-java-1.1.10.5-redhat-00001.jar:/home/anarvaez/.m2/repository/org/slf4j/slf4j-api/1.7.36.redhat-00005/slf4j-api-1.7.36.redhat-00005.jar:/home/anarvaez/.m2/repository/junit/junit/4.11/junit-4.11.jar:/home/anarvaez/.m2/repository/org/hamcrest/hamcrest-core/1.3/hamcrest-core-1.3.jar:"/>
    <property name="java.vm.vendor" value="Red Hat, Inc."/>
    <property name="sun.arch.data.model" value="64"/>
    <property name="java.vendor.url" value="https://www.redhat.com/"/>
    <property name="user.timezone" value=""/>
    <property name="java.vm.specification.version" value="11"/>
    <property name="os.name" value="Linux"/>
    <property name="sun.java.launcher" value="SUN_STANDARD"/>
    <property name="user.country" value="US"/>
    <property name="sun.boot.library.path" value="/usr/lib/jvm/java-11-openjdk-11.0.20.0.8-1.fc38.x86_64/lib"/>
    <property name="sun.java.command" value="/home/anarvaez/Downloads/case-companhia-03709526/reproducer/client/SEND/kafka-checker/target/surefire/surefirebooter15567958294725130293.jar /home/anarvaez/Downloads/case-companhia-03709526/reproducer/client/SEND/kafka-checker/target/surefire 2024-01-23T15-24-39_284-jvmRun1 surefire2095078950516502809tmp surefire_06527596945617401508tmp"/>
    <property name="jdk.debug" value="release"/>
    <property name="surefire.test.class.path" value="/home/anarvaez/Downloads/case-companhia-03709526/reproducer/client/SEND/kafka-checker/target/test-classes:/home/anarvaez/Downloads/case-companhia-03709526/reproducer/client/SEND/kafka-checker/target/classes:/home/anarvaez/.m2/repository/org/apache/kafka/kafka-clients/3.6.0.redhat-00005/kafka-clients-3.6.0.redhat-00005.jar:/home/anarvaez/.m2/repository/com/github/luben/zstd-jni/1.5.5.1-redhat-00002/zstd-jni-1.5.5.1-redhat-00002.jar:/home/anarvaez/.m2/repository/org/lz4/lz4-java/1.8.0.redhat-00005/lz4-java-1.8.0.redhat-00005.jar:/home/anarvaez/.m2/repository/org/xerial/snappy/snappy-java/1.1.10.5-redhat-00001/snappy-java-1.1.10.5-redhat-00001.jar:/home/anarvaez/.m2/repository/org/slf4j/slf4j-api/1.7.36.redhat-00005/slf4j-api-1.7.36.redhat-00005.jar:/home/anarvaez/.m2/repository/junit/junit/4.11/junit-4.11.jar:/home/anarvaez/.m2/repository/org/hamcrest/hamcrest-core/1.3/hamcrest-core-1.3.jar:"/>
    <property name="sun.cpu.endian" value="little"/>
    <property name="user.home" value="/home/anarvaez"/>
    <property name="user.language" value="en"/>
    <property name="java.specification.vendor" value="Oracle Corporation"/>
    <property name="java.version.date" value="2023-07-18"/>
    <property name="java.home" value="/usr/lib/jvm/java-11-openjdk-11.0.20.0.8-1.fc38.x86_64"/>
    <property name="file.separator" value="/"/>
    <property name="basedir" value="/home/anarvaez/Downloads/case-companhia-03709526/reproducer/client/SEND/kafka-checker"/>
    <property name="java.vm.compressedOopsMode" value="Zero based"/>
    <property name="line.separator" value="&#10;"/>
    <property name="java.specification.name" value="Java Platform API Specification"/>
    <property name="java.vm.specification.vendor" value="Oracle Corporation"/>
    <property name="java.awt.graphicsenv" value="sun.awt.X11GraphicsEnvironment"/>
    <property name="surefire.real.class.path" value="/home/anarvaez/Downloads/case-companhia-03709526/reproducer/client/SEND/kafka-checker/target/surefire/surefirebooter15567958294725130293.jar"/>
    <property name="sun.management.compiler" value="HotSpot 64-Bit Tiered Compilers"/>
    <property name="java.runtime.version" value="11.0.20+8"/>
    <property name="user.name" value="anarvaez"/>
    <property name="path.separator" value=":"/>
    <property name="os.version" value="6.5.6-200.fc38.x86_64"/>
    <property name="java.runtime.name" value="OpenJDK Runtime Environment"/>
    <property name="file.encoding" value="UTF-8"/>
    <property name="java.vm.name" value="OpenJDK 64-Bit Server VM"/>
    <property name="java.vendor.version" value="(Red_Hat-11.0.20.0.8-1.fc38)"/>
    <property name="localRepository" value="/home/anarvaez/.m2/repository"/>
    <property name="java.vendor.url.bug" value="https://bugzilla.redhat.com/enter_bug.cgi?product=Fedora&amp;component=java-11-openjdk-portable&amp;version=38"/>
    <property name="java.io.tmpdir" value="/tmp"/>
    <property name="java.version" value="11.0.20"/>
    <property name="user.dir" value="/home/anarvaez/Downloads/case-companhia-03709526/reproducer/client/SEND/kafka-checker"/>
    <property name="os.arch" value="amd64"/>
    <property name="java.vm.specification.name" value="Java Virtual Machine Specification"/>
    <property name="java.awt.printerjob" value="sun.print.PSPrinterJob"/>
    <property name="sun.os.patch.level" value="unknown"/>
    <property name="java.library.path" value="/usr/java/packages/lib:/usr/lib64:/lib64:/lib:/usr/lib"/>
    <property name="java.vm.info" value="mixed mode, sharing"/>
    <property name="java.vendor" value="Red Hat, Inc."/>
    <property name="java.vm.version" value="11.0.20+8"/>
    <property name="java.specification.maintenance.version" value="2"/>
    <property name="sun.io.unicode.encoding" value="UnicodeLittle"/>
    <property name="java.class.version" value="55.0"/>
  </properties>
  <testcase name="shouldAnswerWithTrue" classname="com.redhat.AppTest" time="0.001"/>
</testsuite>